{"/Users/mercurius/Desktop/CollaBoard/src/server.js":{"path":"/Users/mercurius/Desktop/CollaBoard/src/server.js","s":{"1":1,"2":1,"3":1,"4":1,"5":1,"6":1,"7":1,"8":1,"9":1,"10":1,"11":1,"12":1,"13":1,"14":3,"15":3,"16":2,"17":3,"18":0,"19":3,"20":3,"21":3,"22":1,"23":1,"24":2,"25":1,"26":1,"27":1,"28":3,"29":0,"30":3,"31":1,"32":1,"33":2,"34":3,"35":1,"36":1,"37":1,"38":0},"b":{"1":[1,2],"2":[1,1],"3":[1,2]},"f":{"1":1,"2":3,"3":2,"4":0,"5":3,"6":0,"7":1,"8":2,"9":0},"fnMap":{"1":{"name":"(anonymous_1)","line":11,"loc":{"start":{"line":11,"column":66},"end":{"line":11,"column":78}}},"2":{"name":"(anonymous_2)","line":28,"loc":{"start":{"line":28,"column":20},"end":{"line":28,"column":38}}},"3":{"name":"(anonymous_3)","line":33,"loc":{"start":{"line":33,"column":28},"end":{"line":33,"column":40}}},"4":{"name":"(anonymous_4)","line":38,"loc":{"start":{"line":38,"column":30},"end":{"line":38,"column":45}}},"5":{"name":"(anonymous_5)","line":43,"loc":{"start":{"line":43,"column":29},"end":{"line":43,"column":49}}},"6":{"name":"(anonymous_6)","line":60,"loc":{"start":{"line":60,"column":31},"end":{"line":60,"column":52}}},"7":{"name":"(anonymous_7)","line":65,"loc":{"start":{"line":65,"column":22},"end":{"line":65,"column":37}}},"8":{"name":"roomExists","line":70,"loc":{"start":{"line":70,"column":0},"end":{"line":70,"column":30}}},"9":{"name":"(anonymous_9)","line":80,"loc":{"start":{"line":80,"column":17},"end":{"line":80,"column":28}}}},"statementMap":{"1":{"start":{"line":4,"column":0},"end":{"line":4,"column":31}},"2":{"start":{"line":5,"column":0},"end":{"line":5,"column":27}},"3":{"start":{"line":6,"column":0},"end":{"line":6,"column":31}},"4":{"start":{"line":10,"column":0},"end":{"line":10,"column":16}},"5":{"start":{"line":11,"column":0},"end":{"line":13,"column":3}},"6":{"start":{"line":12,"column":4},"end":{"line":12,"column":49}},"7":{"start":{"line":16,"column":0},"end":{"line":16,"column":23}},"8":{"start":{"line":19,"column":0},"end":{"line":19,"column":42}},"9":{"start":{"line":20,"column":0},"end":{"line":20,"column":40}},"10":{"start":{"line":23,"column":0},"end":{"line":23,"column":20}},"11":{"start":{"line":24,"column":0},"end":{"line":24,"column":23}},"12":{"start":{"line":27,"column":0},"end":{"line":27,"column":45}},"13":{"start":{"line":28,"column":0},"end":{"line":68,"column":3}},"14":{"start":{"line":30,"column":4},"end":{"line":30,"column":45}},"15":{"start":{"line":33,"column":4},"end":{"line":35,"column":7}},"16":{"start":{"line":34,"column":8},"end":{"line":34,"column":52}},"17":{"start":{"line":38,"column":4},"end":{"line":40,"column":7}},"18":{"start":{"line":39,"column":8},"end":{"line":39,"column":37}},"19":{"start":{"line":43,"column":4},"end":{"line":57,"column":7}},"20":{"start":{"line":44,"column":8},"end":{"line":44,"column":29}},"21":{"start":{"line":46,"column":8},"end":{"line":49,"column":9}},"22":{"start":{"line":47,"column":12},"end":{"line":47,"column":54}},"23":{"start":{"line":48,"column":12},"end":{"line":48,"column":19}},"24":{"start":{"line":51,"column":8},"end":{"line":56,"column":9}},"25":{"start":{"line":52,"column":12},"end":{"line":52,"column":61}},"26":{"start":{"line":53,"column":12},"end":{"line":53,"column":19}},"27":{"start":{"line":55,"column":12},"end":{"line":55,"column":34}},"28":{"start":{"line":60,"column":4},"end":{"line":62,"column":7}},"29":{"start":{"line":61,"column":8},"end":{"line":61,"column":60}},"30":{"start":{"line":65,"column":4},"end":{"line":67,"column":7}},"31":{"start":{"line":66,"column":8},"end":{"line":66,"column":33}},"32":{"start":{"line":70,"column":0},"end":{"line":76,"column":1}},"33":{"start":{"line":71,"column":4},"end":{"line":74,"column":5}},"34":{"start":{"line":72,"column":8},"end":{"line":73,"column":24}},"35":{"start":{"line":73,"column":12},"end":{"line":73,"column":24}},"36":{"start":{"line":75,"column":4},"end":{"line":75,"column":17}},"37":{"start":{"line":79,"column":0},"end":{"line":83,"column":2}},"38":{"start":{"line":81,"column":8},"end":{"line":81,"column":23}}},"branchMap":{"1":{"line":46,"type":"if","locations":[{"start":{"line":46,"column":8},"end":{"line":46,"column":8}},{"start":{"line":46,"column":8},"end":{"line":46,"column":8}}]},"2":{"line":51,"type":"if","locations":[{"start":{"line":51,"column":8},"end":{"line":51,"column":8}},{"start":{"line":51,"column":8},"end":{"line":51,"column":8}}]},"3":{"line":72,"type":"if","locations":[{"start":{"line":72,"column":8},"end":{"line":72,"column":8}},{"start":{"line":72,"column":8},"end":{"line":72,"column":8}}]}}},"/Users/mercurius/Desktop/CollaBoard/src/app/routes/index.js":{"path":"/Users/mercurius/Desktop/CollaBoard/src/app/routes/index.js","s":{"1":1,"2":1,"3":1,"4":1,"5":0,"6":1},"b":{},"f":{"1":0},"fnMap":{"1":{"name":"(anonymous_1)","line":6,"loc":{"start":{"line":6,"column":16},"end":{"line":6,"column":42}}}},"statementMap":{"1":{"start":{"line":1,"column":0},"end":{"line":1,"column":33}},"2":{"start":{"line":2,"column":0},"end":{"line":2,"column":30}},"3":{"start":{"line":3,"column":0},"end":{"line":3,"column":27}},"4":{"start":{"line":6,"column":0},"end":{"line":8,"column":3}},"5":{"start":{"line":7,"column":4},"end":{"line":7,"column":58}},"6":{"start":{"line":10,"column":0},"end":{"line":10,"column":24}}},"branchMap":{}},"/Users/mercurius/Desktop/CollaBoard/src/app/routes/test.js":{"path":"/Users/mercurius/Desktop/CollaBoard/src/app/routes/test.js","s":{"1":1,"2":1,"3":1,"4":0,"5":1},"b":{},"f":{"1":0},"fnMap":{"1":{"name":"(anonymous_1)","line":5,"loc":{"start":{"line":5,"column":16},"end":{"line":5,"column":42}}}},"statementMap":{"1":{"start":{"line":1,"column":0},"end":{"line":1,"column":33}},"2":{"start":{"line":2,"column":0},"end":{"line":2,"column":30}},"3":{"start":{"line":5,"column":0},"end":{"line":7,"column":3}},"4":{"start":{"line":6,"column":4},"end":{"line":6,"column":30}},"5":{"start":{"line":9,"column":0},"end":{"line":9,"column":24}}},"branchMap":{}}}