TN:
SF:/Users/mercurius/Desktop/CollaBoard/src/server.js
FN:11,(anonymous_1)
FN:28,(anonymous_2)
FN:33,(anonymous_3)
FN:38,(anonymous_4)
FN:43,(anonymous_5)
FN:60,(anonymous_6)
FN:65,(anonymous_7)
FN:70,roomExists
FN:80,(anonymous_9)
FNF:9
FNH:6
FNDA:1,(anonymous_1)
FNDA:3,(anonymous_2)
FNDA:2,(anonymous_3)
FNDA:0,(anonymous_4)
FNDA:3,(anonymous_5)
FNDA:0,(anonymous_6)
FNDA:1,(anonymous_7)
FNDA:2,roomExists
FNDA:0,(anonymous_9)
DA:4,1
DA:5,1
DA:6,1
DA:10,1
DA:11,1
DA:12,1
DA:16,1
DA:19,1
DA:20,1
DA:23,1
DA:24,1
DA:27,1
DA:28,1
DA:30,3
DA:33,3
DA:34,2
DA:38,3
DA:39,0
DA:43,3
DA:44,3
DA:46,3
DA:47,1
DA:48,1
DA:51,2
DA:52,1
DA:53,1
DA:55,1
DA:60,3
DA:61,0
DA:65,3
DA:66,1
DA:70,1
DA:71,2
DA:72,3
DA:73,1
DA:75,1
DA:79,1
DA:81,0
LF:38
LH:35
BRDA:46,1,0,1
BRDA:46,1,1,2
BRDA:51,2,0,1
BRDA:51,2,1,1
BRDA:72,3,0,1
BRDA:72,3,1,2
BRF:6
BRH:6
end_of_record
TN:
SF:/Users/mercurius/Desktop/CollaBoard/src/app/routes/index.js
FN:6,(anonymous_1)
FNF:1
FNH:0
FNDA:0,(anonymous_1)
DA:1,1
DA:2,1
DA:3,1
DA:6,1
DA:7,0
DA:10,1
LF:6
LH:5
BRF:0
BRH:0
end_of_record
TN:
SF:/Users/mercurius/Desktop/CollaBoard/src/app/routes/test.js
FN:5,(anonymous_1)
FNF:1
FNH:0
FNDA:0,(anonymous_1)
DA:1,1
DA:2,1
DA:5,1
DA:6,0
DA:9,1
LF:5
LH:4
BRF:0
BRH:0
end_of_record
